CRITICAL - 2022-11-21 20:22:31 --> Undefined variable $routs
in APPPATH/Config/Routes.php on line 53.
 1 APPPATH/Config/Routes.php(53): CodeIgniter\Debug\Exceptions->errorHandler(2, 'Undefined variable $routs', 'APPPATH/Config/Routes.php', 53)
 2 SYSTEMPATH/CodeIgniter.php(789): require('APPPATH/Config/Routes.php')
 3 SYSTEMPATH/CodeIgniter.php(430): CodeIgniter\CodeIgniter->tryToRouteIt(Object(CodeIgniter\Router\RouteCollection))
 4 SYSTEMPATH/CodeIgniter.php(351): CodeIgniter\CodeIgniter->handleRequest(null, Object(Config\Cache), false)
 5 FCPATH/index.php(67): CodeIgniter\CodeIgniter->run()
CRITICAL - 2022-11-21 20:23:20 --> Undefined variable $routs
in APPPATH/Config/Routes.php on line 53.
 1 APPPATH/Config/Routes.php(53): CodeIgniter\Debug\Exceptions->errorHandler(2, 'Undefined variable $routs', 'APPPATH/Config/Routes.php', 53)
 2 SYSTEMPATH/CodeIgniter.php(789): require('APPPATH/Config/Routes.php')
 3 SYSTEMPATH/CodeIgniter.php(430): CodeIgniter\CodeIgniter->tryToRouteIt(Object(CodeIgniter\Router\RouteCollection))
 4 SYSTEMPATH/CodeIgniter.php(351): CodeIgniter\CodeIgniter->handleRequest(null, Object(Config\Cache), false)
 5 FCPATH/index.php(67): CodeIgniter\CodeIgniter->run()
CRITICAL - 2022-11-21 20:23:24 --> Undefined variable $routs
in APPPATH/Config/Routes.php on line 53.
 1 APPPATH/Config/Routes.php(53): CodeIgniter\Debug\Exceptions->errorHandler(2, 'Undefined variable $routs', 'APPPATH/Config/Routes.php', 53)
 2 SYSTEMPATH/CodeIgniter.php(789): require('APPPATH/Config/Routes.php')
 3 SYSTEMPATH/CodeIgniter.php(430): CodeIgniter\CodeIgniter->tryToRouteIt(Object(CodeIgniter\Router\RouteCollection))
 4 SYSTEMPATH/CodeIgniter.php(351): CodeIgniter\CodeIgniter->handleRequest(null, Object(Config\Cache), false)
 5 FCPATH/index.php(67): CodeIgniter\CodeIgniter->run()
CRITICAL - 2022-11-21 20:23:27 --> Undefined variable $routs
in APPPATH/Config/Routes.php on line 53.
 1 APPPATH/Config/Routes.php(53): CodeIgniter\Debug\Exceptions->errorHandler(2, 'Undefined variable $routs', 'APPPATH/Config/Routes.php', 53)
 2 SYSTEMPATH/CodeIgniter.php(789): require('APPPATH/Config/Routes.php')
 3 SYSTEMPATH/CodeIgniter.php(430): CodeIgniter\CodeIgniter->tryToRouteIt(Object(CodeIgniter\Router\RouteCollection))
 4 SYSTEMPATH/CodeIgniter.php(351): CodeIgniter\CodeIgniter->handleRequest(null, Object(Config\Cache), false)
 5 FCPATH/index.php(67): CodeIgniter\CodeIgniter->run()
CRITICAL - 2022-11-21 20:23:35 --> Undefined variable $routs
in APPPATH/Config/Routes.php on line 53.
 1 APPPATH/Config/Routes.php(53): CodeIgniter\Debug\Exceptions->errorHandler(2, 'Undefined variable $routs', 'APPPATH/Config/Routes.php', 53)
 2 SYSTEMPATH/CodeIgniter.php(789): require('APPPATH/Config/Routes.php')
 3 SYSTEMPATH/CodeIgniter.php(430): CodeIgniter\CodeIgniter->tryToRouteIt(Object(CodeIgniter\Router\RouteCollection))
 4 SYSTEMPATH/CodeIgniter.php(351): CodeIgniter\CodeIgniter->handleRequest(null, Object(Config\Cache), false)
 5 FCPATH/index.php(67): CodeIgniter\CodeIgniter->run()
CRITICAL - 2022-11-21 20:23:42 --> Undefined variable $routs
in APPPATH/Config/Routes.php on line 53.
 1 APPPATH/Config/Routes.php(53): CodeIgniter\Debug\Exceptions->errorHandler(2, 'Undefined variable $routs', 'APPPATH/Config/Routes.php', 53)
 2 SYSTEMPATH/CodeIgniter.php(789): require('APPPATH/Config/Routes.php')
 3 SYSTEMPATH/CodeIgniter.php(430): CodeIgniter\CodeIgniter->tryToRouteIt(Object(CodeIgniter\Router\RouteCollection))
 4 SYSTEMPATH/CodeIgniter.php(351): CodeIgniter\CodeIgniter->handleRequest(null, Object(Config\Cache), false)
 5 FCPATH/index.php(67): CodeIgniter\CodeIgniter->run()
