CRITICAL - 2022-11-13 19:02:39 --> Invalid file: templates\footer.php
in SYSTEMPATH/Exceptions/FrameworkException.php on line 33.
 1 SYSTEMPATH/View/View.php(201): CodeIgniter\Exceptions\FrameworkException::forInvalidFile('templates\\footer.php')
 2 SYSTEMPATH/Common.php(1134): CodeIgniter\View\View->render('templates\\footer', [], true)
 3 APPPATH/Controllers/Site.php(17): view('templates\\footer')
 4 APPPATH/Controllers/Site.php(8): App\Controllers\Site->view()
 5 SYSTEMPATH/CodeIgniter.php(927): App\Controllers\Site->index()
 6 SYSTEMPATH/CodeIgniter.php(482): CodeIgniter\CodeIgniter->runController(Object(App\Controllers\Site))
 7 SYSTEMPATH/CodeIgniter.php(351): CodeIgniter\CodeIgniter->handleRequest(null, Object(Config\Cache), false)
 8 FCPATH/index.php(67): CodeIgniter\CodeIgniter->run()
CRITICAL - 2022-11-13 19:19:42 --> Invalid file: site/index.php
in SYSTEMPATH/Exceptions/FrameworkException.php on line 33.
 1 SYSTEMPATH/View/View.php(201): CodeIgniter\Exceptions\FrameworkException::forInvalidFile('site/index.php')
 2 SYSTEMPATH/Common.php(1134): CodeIgniter\View\View->render('site/index', [], true)
 3 APPPATH/Controllers/Site.php(16): view('site/index')
 4 SYSTEMPATH/CodeIgniter.php(927): App\Controllers\Site->view('index')
 5 SYSTEMPATH/CodeIgniter.php(482): CodeIgniter\CodeIgniter->runController(Object(App\Controllers\Site))
 6 SYSTEMPATH/CodeIgniter.php(351): CodeIgniter\CodeIgniter->handleRequest(null, Object(Config\Cache), false)
 7 FCPATH/index.php(67): CodeIgniter\CodeIgniter->run()
CRITICAL - 2022-11-13 19:19:51 --> Invalid file: site/index.php
in SYSTEMPATH/Exceptions/FrameworkException.php on line 33.
 1 SYSTEMPATH/View/View.php(201): CodeIgniter\Exceptions\FrameworkException::forInvalidFile('site/index.php')
 2 SYSTEMPATH/Common.php(1134): CodeIgniter\View\View->render('site/index', [], true)
 3 APPPATH/Controllers/Site.php(16): view('site/index')
 4 SYSTEMPATH/CodeIgniter.php(927): App\Controllers\Site->view('index')
 5 SYSTEMPATH/CodeIgniter.php(482): CodeIgniter\CodeIgniter->runController(Object(App\Controllers\Site))
 6 SYSTEMPATH/CodeIgniter.php(351): CodeIgniter\CodeIgniter->handleRequest(null, Object(Config\Cache), false)
 7 FCPATH/index.php(67): CodeIgniter\CodeIgniter->run()
CRITICAL - 2022-11-13 19:20:21 --> Invalid file: site/index.php
in SYSTEMPATH/Exceptions/FrameworkException.php on line 33.
 1 SYSTEMPATH/View/View.php(201): CodeIgniter\Exceptions\FrameworkException::forInvalidFile('site/index.php')
 2 SYSTEMPATH/Common.php(1134): CodeIgniter\View\View->render('site/index', [], true)
 3 APPPATH/Controllers/Site.php(16): view('site/index')
 4 SYSTEMPATH/CodeIgniter.php(927): App\Controllers\Site->view('index')
 5 SYSTEMPATH/CodeIgniter.php(482): CodeIgniter\CodeIgniter->runController(Object(App\Controllers\Site))
 6 SYSTEMPATH/CodeIgniter.php(351): CodeIgniter\CodeIgniter->handleRequest(null, Object(Config\Cache), false)
 7 FCPATH/index.php(67): CodeIgniter\CodeIgniter->run()
CRITICAL - 2022-11-13 19:48:45 --> syntax error, unexpected token "}", expecting "," or ";"
in APPPATH/Models/ClientModel.php on line 10.
 1 SYSTEMPATH/Autoloader/Autoloader.php(259): CodeIgniter\Autoloader\Autoloader->includeFile('APPPATH/Models/ClientModel.php')
 2 SYSTEMPATH/Autoloader/Autoloader.php(237): CodeIgniter\Autoloader\Autoloader->loadInNamespace('App\\Models\\ClientModel')
 3 APPPATH/Controllers/Client.php(10): CodeIgniter\Autoloader\Autoloader->loadClass('App\\Models\\ClientModel')
 4 SYSTEMPATH/CodeIgniter.php(927): App\Controllers\Client->listClients()
 5 SYSTEMPATH/CodeIgniter.php(482): CodeIgniter\CodeIgniter->runController(Object(App\Controllers\Client))
 6 SYSTEMPATH/CodeIgniter.php(351): CodeIgniter\CodeIgniter->handleRequest(null, Object(Config\Cache), false)
 7 FCPATH/index.php(67): CodeIgniter\CodeIgniter->run()
CRITICAL - 2022-11-13 20:11:04 --> Invalid file: product/listProducts.php
in SYSTEMPATH/Exceptions/FrameworkException.php on line 33.
 1 SYSTEMPATH/View/View.php(201): CodeIgniter\Exceptions\FrameworkException::forInvalidFile('product/listProducts.php')
 2 SYSTEMPATH/Common.php(1134): CodeIgniter\View\View->render('product/listProducts', [], true)
 3 APPPATH/Controllers/Product.php(18): view('product/listProducts', [...])
 4 SYSTEMPATH/CodeIgniter.php(927): App\Controllers\Product->listProducts()
 5 SYSTEMPATH/CodeIgniter.php(482): CodeIgniter\CodeIgniter->runController(Object(App\Controllers\Product))
 6 SYSTEMPATH/CodeIgniter.php(351): CodeIgniter\CodeIgniter->handleRequest(null, Object(Config\Cache), false)
 7 FCPATH/index.php(67): CodeIgniter\CodeIgniter->run()
