CRITICAL - 2022-11-30 17:37:16 --> Invalid file: admin/product/listProducts.php
in SYSTEMPATH/Exceptions/FrameworkException.php on line 33.
 1 SYSTEMPATH/View/View.php(201): CodeIgniter\Exceptions\FrameworkException::forInvalidFile('admin/product/listProducts.php')
 2 SYSTEMPATH/Common.php(1134): CodeIgniter\View\View->render('admin/product/listProducts', [], true)
 3 APPPATH/Controllers/Admin/Product.php(17): view('admin/product/listProducts', [...])
 4 SYSTEMPATH/CodeIgniter.php(927): App\Controllers\Admin\Product->listProducts()
 5 SYSTEMPATH/CodeIgniter.php(482): CodeIgniter\CodeIgniter->runController(Object(App\Controllers\Admin\Product))
 6 SYSTEMPATH/CodeIgniter.php(351): CodeIgniter\CodeIgniter->handleRequest(null, Object(Config\Cache), false)
 7 FCPATH/index.php(67): CodeIgniter\CodeIgniter->run()
CRITICAL - 2022-11-30 17:39:26 --> Invalid file: admin/product/listProducts.php
in SYSTEMPATH/Exceptions/FrameworkException.php on line 33.
 1 SYSTEMPATH/View/View.php(201): CodeIgniter\Exceptions\FrameworkException::forInvalidFile('admin/product/listProducts.php')
 2 SYSTEMPATH/Common.php(1134): CodeIgniter\View\View->render('admin/product/listProducts', [], true)
 3 APPPATH/Controllers/Admin/Product.php(16): view('admin/product/listProducts', [...])
 4 SYSTEMPATH/CodeIgniter.php(927): App\Controllers\Admin\Product->listProducts()
 5 SYSTEMPATH/CodeIgniter.php(482): CodeIgniter\CodeIgniter->runController(Object(App\Controllers\Admin\Product))
 6 SYSTEMPATH/CodeIgniter.php(351): CodeIgniter\CodeIgniter->handleRequest(null, Object(Config\Cache), false)
 7 FCPATH/index.php(67): CodeIgniter\CodeIgniter->run()
CRITICAL - 2022-11-30 17:49:11 --> Invalid file: admin/product/listProducts.php
in SYSTEMPATH/Exceptions/FrameworkException.php on line 33.
 1 SYSTEMPATH/View/View.php(201): CodeIgniter\Exceptions\FrameworkException::forInvalidFile('admin/product/listProducts.php')
 2 SYSTEMPATH/Common.php(1134): CodeIgniter\View\View->render('admin/product/listProducts', [], true)
 3 APPPATH/Controllers/Admin/Product.php(15): view('admin/product/listProducts', [...])
 4 SYSTEMPATH/CodeIgniter.php(927): App\Controllers\Admin\Product->listProducts()
 5 SYSTEMPATH/CodeIgniter.php(482): CodeIgniter\CodeIgniter->runController(Object(App\Controllers\Admin\Product))
 6 SYSTEMPATH/CodeIgniter.php(351): CodeIgniter\CodeIgniter->handleRequest(null, Object(Config\Cache), false)
 7 FCPATH/index.php(67): CodeIgniter\CodeIgniter->run()
CRITICAL - 2022-11-30 18:24:14 --> Allowed fields must be specified for model: App\Models\ProductModel
in SYSTEMPATH/BaseModel.php on line 1160.
 1 SYSTEMPATH/BaseModel.php(1160): CodeIgniter\Database\Exceptions\DataException::forInvalidAllowedFields('App\\Models\\ProductModel')
 2 SYSTEMPATH/BaseModel.php(724): CodeIgniter\BaseModel->doProtectFields([...])
 3 SYSTEMPATH/Model.php(667): CodeIgniter\BaseModel->insert([...], true)
 4 APPPATH/Controllers/Admin/Product.php(33): CodeIgniter\Model->insert([...])
 5 SYSTEMPATH/CodeIgniter.php(927): App\Controllers\Admin\Product->insertProductAction()
 6 SYSTEMPATH/CodeIgniter.php(482): CodeIgniter\CodeIgniter->runController(Object(App\Controllers\Admin\Product))
 7 SYSTEMPATH/CodeIgniter.php(351): CodeIgniter\CodeIgniter->handleRequest(null, Object(Config\Cache), false)
 8 FCPATH/index.php(67): CodeIgniter\CodeIgniter->run()
